<?xml version="1.0" encoding="UTF-8"?>
<!-- Generated by org.testng.reporters.JUnitXMLReporter -->
<testsuite hostname="LAPTOP-MHPMHPJB" ignored="0" name="Test" tests="3" failures="0" timestamp="2021-09-27T14:43:16 IST" time="0.063" errors="0">
  <testcase name="invalidlogintest" time="0.011" classname="logintests.loginTests"/>
  <testcase name="validlogintest" time="0.002" classname="logintests.loginTests"/>
  <testcase name="f" time="0.001" classname="logintests.ComparisionTC"/>
</testsuite> <!-- Test -->
