<?xml version="1.0" encoding="UTF-8"?>
<!-- Generated by org.testng.reporters.JUnitXMLReporter -->
<testsuite ignored="0" hostname="LAPTOP-MHPMHPJB" failures="0" tests="3" name="Test" time="0.038" errors="0" timestamp="27 Sep 2021 09:21:21 GMT">
  <testcase classname="logintests.loginTests" name="invalidlogintest" time="0.01"/>
  <testcase classname="logintests.loginTests" name="validlogintest" time="0.0"/>
  <testcase classname="logintests.ComparisionTC" name="f" time="0.0"/>
</testsuite> <!-- Test -->
